<?xml version="1.0" encoding="UTF-8"?>
<!-- Generated by org.testng.reporters.JUnitReportReporter -->
<testsuite hostname="DESKTOP-MQQN6CU" failures="0" tests="4" name="com.ecommerce.amazon.searchTest.SearchBarTest" time="0.010" errors="0" timestamp="2022-03-28T16:01:37 IST" skipped="0">
  <testcase classname="com.ecommerce.amazon.searchTest.SearchBarTest" name="groceryTest" time="0.001"/>
  <system-out/>
  <testcase classname="com.ecommerce.amazon.searchTest.SearchBarTest" name="mobileTest" time="0.001"/>
  <system-out/>
  <testcase classname="com.ecommerce.amazon.searchTest.SearchBarTest" name="loginCredentials" time="0.001"/>
  <system-out/>
  <testcase classname="com.ecommerce.amazon.searchTest.SearchBarTest" name="enterValuesTest" time="0.007"/>
  <system-out/>
</testsuite> <!-- com.ecommerce.amazon.searchTest.SearchBarTest -->
